{"name": "Проверка позитивного сценария оформления заказа", "status": "broken", "statusDetails": {"message": "selenium.common.exceptions.ElementClickInterceptedException: Message: Element <button class=\"Button_Button__ra12g Button_Middle__1CSJM\"> is not clickable at point (875,539) because another element <div class=\"App_CookieConsent__1yUIN\"> obscures it\nStacktrace:\nRemoteError@chrome://remote/content/shared/RemoteError.sys.mjs:8:8\nWebDriverError@chrome://remote/content/shared/webdriver/Errors.sys.mjs:199:5\nElementClickInterceptedError@chrome://remote/content/shared/webdriver/Errors.sys.mjs:351:5\nwebdriverClickElement@chrome://remote/content/marionette/interaction.sys.mjs:175:11\ninteraction.clickElement@chrome://remote/content/marionette/interaction.sys.mjs:134:11\nclickElement@chrome://remote/content/marionette/actors/MarionetteCommandsChild.sys.mjs:297:29\nreceiveMessage@chrome://remote/content/marionette/actors/MarionetteCommandsChild.sys.mjs:180:31", "trace": "self = <tests.test_order_page.TestOrderPageOrder object at 0x0000024EE1984A50>\ndriver = <selenium.webdriver.firefox.webdriver.WebDriver (session=\"093667a0-b132-4f80-98cb-842d42b6c9d3\")>\nbutton = ('xpath', \".//div[contains(@class,'Header')]//button[contains(text(),'Заказать')]\")\ntest_data = ['Иван', 'Иванов', 'Никулинская улица, 27', 'Шипиловская', '+79990001111', '01.06.2025', ...]\n\n    @allure.title('Проверка позитивного сценария оформления заказа')\n    @allure.description('Тестирование функциональности оформления заказа из двух точек входа')\n    @pytest.mark.parametrize('button, test_data', [\n        (MainPageLocators.order_button_in_header, TestData.test_data_user1),\n        (MainPageLocators.order_button_in_main, TestData.test_data_user2)\n    ])\n    def test_order_all_fields_success(self, driver, button, test_data):\n        order_page = OrderPage(driver)\n    \n        # Прокрутка к кнопке\n        order_page.scroll_to_element(button)\n    \n        # Явное ожидание видимости кнопки\n        WebDriverWait(driver, 10).until(\n            EC.visibility_of_element_located(button)\n        )\n    \n        # Попытка кликнуть на кнопку с учетом возможного перекрытия\n        order_page.click_on_element(button)\n    \n        # Заполнение формы\n>       order_page.data_entry_first_form(test_data)\n\ntests\\test_order_page.py:34: \n_ _ _ _ _ _ _ _ _ _ _ _ _ _ _ _ _ _ _ _ _ _ _ _ _ _ _ _ _ _ _ _ _ _ _ _ _ _ _ _ _ _ _ _ _ _ _ _ _ _ _ _ _ _ _ _ _ _ _ _ _ _ _ _ _ _ _ _ _ _ _ _ _ _ _ _ _\npages\\order_page.py:39: in data_entry_first_form\n    self.click_on_element(OrderPageLocators.button_next)\npages\\base_page.py:26: in click_on_element\n    self.find(locator).click()\n.venv\\Lib\\site-packages\\selenium\\webdriver\\remote\\webelement.py:121: in click\n    self._execute(Command.CLICK_ELEMENT)\n.venv\\Lib\\site-packages\\selenium\\webdriver\\remote\\webelement.py:574: in _execute\n    return self._parent.execute(command, params)\n.venv\\Lib\\site-packages\\selenium\\webdriver\\remote\\webdriver.py:447: in execute\n    self.error_handler.check_response(response)\n_ _ _ _ _ _ _ _ _ _ _ _ _ _ _ _ _ _ _ _ _ _ _ _ _ _ _ _ _ _ _ _ _ _ _ _ _ _ _ _ _ _ _ _ _ _ _ _ _ _ _ _ _ _ _ _ _ _ _ _ _ _ _ _ _ _ _ _ _ _ _ _ _ _ _ _ _\n\nself = <selenium.webdriver.remote.errorhandler.ErrorHandler object at 0x0000024EE19A0AA0>\nresponse = {'status': 400, 'value': '{\"value\":{\"error\":\"element click intercepted\",\"message\":\"Element <button class=\\\\\"Button_But...\\\\\"Button_Button__ra12g Button_Middle__1CSJM\\\\\">\",\"overlayingElement\":\"<div class=\\\\\"App_CookieConsent__1yUIN\\\\\">\"}}}'}\n\n    def check_response(self, response: Dict[str, Any]) -> None:\n        \"\"\"Checks that a JSON response from the WebDriver does not have an\n        error.\n    \n        :Args:\n         - response - The JSON response from the WebDriver server as a dictionary\n           object.\n    \n        :Raises: If the response contains an error message.\n        \"\"\"\n        status = response.get(\"status\", None)\n        if not status or status == ErrorCode.SUCCESS:\n            return\n        value = None\n        message = response.get(\"message\", \"\")\n        screen: str = response.get(\"screen\", \"\")\n        stacktrace = None\n        if isinstance(status, int):\n            value_json = response.get(\"value\", None)\n            if value_json and isinstance(value_json, str):\n                import json\n    \n                try:\n                    value = json.loads(value_json)\n                    if len(value) == 1:\n                        value = value[\"value\"]\n                    status = value.get(\"error\", None)\n                    if not status:\n                        status = value.get(\"status\", ErrorCode.UNKNOWN_ERROR)\n                        message = value.get(\"value\") or value.get(\"message\")\n                        if not isinstance(message, str):\n                            value = message\n                            message = message.get(\"message\")\n                    else:\n                        message = value.get(\"message\", None)\n                except ValueError:\n                    pass\n    \n        exception_class: Type[WebDriverException]\n        e = ErrorCode()\n        error_codes = [item for item in dir(e) if not item.startswith(\"__\")]\n        for error_code in error_codes:\n            error_info = getattr(ErrorCode, error_code)\n            if isinstance(error_info, list) and status in error_info:\n                exception_class = getattr(ExceptionMapping, error_code, WebDriverException)\n                break\n        else:\n            exception_class = WebDriverException\n    \n        if not value:\n            value = response[\"value\"]\n        if isinstance(value, str):\n            raise exception_class(value)\n        if message == \"\" and \"message\" in value:\n            message = value[\"message\"]\n    \n        screen = None  # type: ignore[assignment]\n        if \"screen\" in value:\n            screen = value[\"screen\"]\n    \n        stacktrace = None\n        st_value = value.get(\"stackTrace\") or value.get(\"stacktrace\")\n        if st_value:\n            if isinstance(st_value, str):\n                stacktrace = st_value.split(\"\\n\")\n            else:\n                stacktrace = []\n                try:\n                    for frame in st_value:\n                        line = frame.get(\"lineNumber\", \"\")\n                        file = frame.get(\"fileName\", \"<anonymous>\")\n                        if line:\n                            file = f\"{file}:{line}\"\n                        meth = frame.get(\"methodName\", \"<anonymous>\")\n                        if \"className\" in frame:\n                            meth = f\"{frame['className']}.{meth}\"\n                        msg = \"    at %s (%s)\"\n                        msg = msg % (meth, file)\n                        stacktrace.append(msg)\n                except TypeError:\n                    pass\n        if exception_class == UnexpectedAlertPresentException:\n            alert_text = None\n            if \"data\" in value:\n                alert_text = value[\"data\"].get(\"text\")\n            elif \"alert\" in value:\n                alert_text = value[\"alert\"].get(\"text\")\n            raise exception_class(message, screen, stacktrace, alert_text)  # type: ignore[call-arg]  # mypy is not smart enough here\n>       raise exception_class(message, screen, stacktrace)\nE       selenium.common.exceptions.ElementClickInterceptedException: Message: Element <button class=\"Button_Button__ra12g Button_Middle__1CSJM\"> is not clickable at point (875,539) because another element <div class=\"App_CookieConsent__1yUIN\"> obscures it\nE       Stacktrace:\nE       RemoteError@chrome://remote/content/shared/RemoteError.sys.mjs:8:8\nE       WebDriverError@chrome://remote/content/shared/webdriver/Errors.sys.mjs:199:5\nE       ElementClickInterceptedError@chrome://remote/content/shared/webdriver/Errors.sys.mjs:351:5\nE       webdriverClickElement@chrome://remote/content/marionette/interaction.sys.mjs:175:11\nE       interaction.clickElement@chrome://remote/content/marionette/interaction.sys.mjs:134:11\nE       clickElement@chrome://remote/content/marionette/actors/MarionetteCommandsChild.sys.mjs:297:29\nE       receiveMessage@chrome://remote/content/marionette/actors/MarionetteCommandsChild.sys.mjs:180:31\n\n.venv\\Lib\\site-packages\\selenium\\webdriver\\remote\\errorhandler.py:232: ElementClickInterceptedException"}, "description": "Тестирование функциональности оформления заказа из двух точек входа", "steps": [{"name": "Скролл до элемента", "status": "passed", "steps": [{"name": "Поиск элемента по локатору: ('xpath', \".//div[contains(@class,'Header')]//button[contains(text(),'Заказать')]\")", "status": "passed", "parameters": [{"name": "locator", "value": "('xpath', \".//div[contains(@class,'Header')]//button[contains(text(),'Заказать')]\")"}], "start": 1751804606392, "stop": 1751804606405}], "parameters": [{"name": "locator", "value": "('xpath', \".//div[contains(@class,'Header')]//button[contains(text(),'Заказать')]\")"}], "start": 1751804606392, "stop": 1751804606410}, {"name": "Кликнуть на элемент", "status": "passed", "steps": [{"name": "Поиск элемента по локатору: ('xpath', \".//div[contains(@class,'Header')]//button[contains(text(),'Заказать')]\")", "status": "passed", "parameters": [{"name": "locator", "value": "('xpath', \".//div[contains(@class,'Header')]//button[contains(text(),'Заказать')]\")"}], "start": 1751804606418, "stop": 1751804606420}], "parameters": [{"name": "locator", "value": "('xpath', \".//div[contains(@class,'Header')]//button[contains(text(),'Заказать')]\")"}], "start": 1751804606418, "stop": 1751804606647}, {"name": "Заполнение первой части формы и нажатие кнопки \"Далее\"", "status": "broken", "statusDetails": {"message": "selenium.common.exceptions.ElementClickInterceptedException: Message: Element <button class=\"Button_Button__ra12g Button_Middle__1CSJM\"> is not clickable at point (875,539) because another element <div class=\"App_CookieConsent__1yUIN\"> obscures it\nStacktrace:\nRemoteError@chrome://remote/content/shared/RemoteError.sys.mjs:8:8\nWebDriverError@chrome://remote/content/shared/webdriver/Errors.sys.mjs:199:5\nElementClickInterceptedError@chrome://remote/content/shared/webdriver/Errors.sys.mjs:351:5\nwebdriverClickElement@chrome://remote/content/marionette/interaction.sys.mjs:175:11\ninteraction.clickElement@chrome://remote/content/marionette/interaction.sys.mjs:134:11\nclickElement@chrome://remote/content/marionette/actors/MarionetteCommandsChild.sys.mjs:297:29\nreceiveMessage@chrome://remote/content/marionette/actors/MarionetteCommandsChild.sys.mjs:180:31\n\n", "trace": "  File \"C:\\Users\\Actio\\Sprint_6NeW\\.venv\\Lib\\site-packages\\allure_commons\\_allure.py\", line 202, in impl\n    return func(*a, **kw)\n  File \"C:\\Users\\Actio\\Sprint_6NeW\\pages\\order_page.py\", line 39, in data_entry_first_form\n    self.click_on_element(OrderPageLocators.button_next)\n    ~~~~~~~~~~~~~~~~~~~~~^^^^^^^^^^^^^^^^^^^^^^^^^^^^^^^\n  File \"C:\\Users\\Actio\\Sprint_6NeW\\.venv\\Lib\\site-packages\\allure_commons\\_allure.py\", line 202, in impl\n    return func(*a, **kw)\n  File \"C:\\Users\\Actio\\Sprint_6NeW\\pages\\base_page.py\", line 26, in click_on_element\n    self.find(locator).click()\n    ~~~~~~~~~~~~~~~~~~~~~~~~^^\n  File \"C:\\Users\\Actio\\Sprint_6NeW\\.venv\\Lib\\site-packages\\selenium\\webdriver\\remote\\webelement.py\", line 121, in click\n    self._execute(Command.CLICK_ELEMENT)\n    ~~~~~~~~~~~~~^^^^^^^^^^^^^^^^^^^^^^^\n  File \"C:\\Users\\Actio\\Sprint_6NeW\\.venv\\Lib\\site-packages\\selenium\\webdriver\\remote\\webelement.py\", line 574, in _execute\n    return self._parent.execute(command, params)\n           ~~~~~~~~~~~~~~~~~~~~^^^^^^^^^^^^^^^^^\n  File \"C:\\Users\\Actio\\Sprint_6NeW\\.venv\\Lib\\site-packages\\selenium\\webdriver\\remote\\webdriver.py\", line 447, in execute\n    self.error_handler.check_response(response)\n    ~~~~~~~~~~~~~~~~~~~~~~~~~~~~~~~~~^^^^^^^^^^\n  File \"C:\\Users\\Actio\\Sprint_6NeW\\.venv\\Lib\\site-packages\\selenium\\webdriver\\remote\\errorhandler.py\", line 232, in check_response\n    raise exception_class(message, screen, stacktrace)\n"}, "steps": [{"name": "Подождать прогрузки элемента", "status": "passed", "parameters": [{"name": "locator", "value": "('xpath', \"//input[@placeholder='* Имя']\")"}], "start": 1751804606647, "stop": 1751804606654}, {"name": "Кликнуть на элемент", "status": "passed", "steps": [{"name": "Поиск элемента по локатору: ('xpath', \"//input[@placeholder='* Имя']\")", "status": "passed", "parameters": [{"name": "locator", "value": "('xpath', \"//input[@placeholder='* Имя']\")"}], "start": 1751804606654, "stop": 1751804606657}], "parameters": [{"name": "locator", "value": "('xpath', \"//input[@placeholder='* Имя']\")"}], "start": 1751804606654, "stop": 1751804606925}, {"name": "Ввести значение в поле ввода", "status": "passed", "steps": [{"name": "Поиск элемента по локатору: ('xpath', \"//input[@placeholder='* Имя']\")", "status": "passed", "parameters": [{"name": "locator", "value": "('xpath', \"//input[@placeholder='* Имя']\")"}], "start": 1751804606925, "stop": 1751804606927}], "parameters": [{"name": "locator", "value": "('xpath', \"//input[@placeholder='* Имя']\")"}, {"name": "keys", "value": "'Иван'"}], "start": 1751804606925, "stop": 1751804606938}, {"name": "Кликнуть на элемент", "status": "passed", "steps": [{"name": "Поиск элемента по локатору: ('xpath', \"//input[@placeholder='* Фамилия']\")", "status": "passed", "parameters": [{"name": "locator", "value": "('xpath', \"//input[@placeholder='* Фамилия']\")"}], "start": 1751804606938, "stop": 1751804606940}], "parameters": [{"name": "locator", "value": "('xpath', \"//input[@placeholder='* Фамилия']\")"}], "start": 1751804606938, "stop": 1751804607175}, {"name": "Ввести значение в поле ввода", "status": "passed", "steps": [{"name": "Поиск элемента по локатору: ('xpath', \"//input[@placeholder='* Фамилия']\")", "status": "passed", "parameters": [{"name": "locator", "value": "('xpath', \"//input[@placeholder='* Фамилия']\")"}], "start": 1751804607175, "stop": 1751804607177}], "parameters": [{"name": "locator", "value": "('xpath', \"//input[@placeholder='* Фамилия']\")"}, {"name": "keys", "value": "'Иванов'"}], "start": 1751804607175, "stop": 1751804607188}, {"name": "Кликнуть на элемент", "status": "passed", "steps": [{"name": "Поиск элемента по локатору: ('xpath', \"//input[@placeholder='* Адрес: куда привезти заказ']\")", "status": "passed", "parameters": [{"name": "locator", "value": "('xpath', \"//input[@placeholder='* Адрес: куда привезти заказ']\")"}], "start": 1751804607188, "stop": 1751804607190}], "parameters": [{"name": "locator", "value": "('xpath', \"//input[@placeholder='* Адрес: куда привезти заказ']\")"}], "start": 1751804607188, "stop": 1751804607409}, {"name": "Ввести значение в поле ввода", "status": "passed", "steps": [{"name": "Поиск элемента по локатору: ('xpath', \"//input[@placeholder='* Адрес: куда привезти заказ']\")", "status": "passed", "parameters": [{"name": "locator", "value": "('xpath', \"//input[@placeholder='* Адрес: куда привезти заказ']\")"}], "start": 1751804607409, "stop": 1751804607411}], "parameters": [{"name": "locator", "value": "('xpath', \"//input[@placeholder='* Адрес: куда привезти заказ']\")"}, {"name": "keys", "value": "'Никулинская улица, 27'"}], "start": 1751804607409, "stop": 1751804607432}, {"name": "Кликнуть на элемент", "status": "passed", "steps": [{"name": "Поиск элемента по локатору: ('xpath', \"//input[@placeholder='* Станция метро']\")", "status": "passed", "parameters": [{"name": "locator", "value": "('xpath', \"//input[@placeholder='* Станция метро']\")"}], "start": 1751804607432, "stop": 1751804607434}], "parameters": [{"name": "locator", "value": "('xpath', \"//input[@placeholder='* Станция метро']\")"}], "start": 1751804607432, "stop": 1751804607674}, {"name": "Ввести значение в поле ввода", "status": "passed", "steps": [{"name": "Поиск элемента по локатору: ('xpath', \"//input[@placeholder='* Станция метро']\")", "status": "passed", "parameters": [{"name": "locator", "value": "('xpath', \"//input[@placeholder='* Станция метро']\")"}], "start": 1751804607674, "stop": 1751804607676}], "parameters": [{"name": "locator", "value": "('xpath', \"//input[@placeholder='* Станция метро']\")"}, {"name": "keys", "value": "'Шипиловская'"}], "start": 1751804607674, "stop": 1751804607713}, {"name": "Кликнуть на элемент", "status": "passed", "steps": [{"name": "Поиск элемента по локатору: ('xpath', \".//li[@class='select-search__row']\")", "status": "passed", "parameters": [{"name": "locator", "value": "('xpath', \".//li[@class='select-search__row']\")"}], "start": 1751804607713, "stop": 1751804607715}], "parameters": [{"name": "locator", "value": "('xpath', \".//li[@class='select-search__row']\")"}], "start": 1751804607713, "stop": 1751804608434}, {"name": "Кликнуть на элемент", "status": "passed", "steps": [{"name": "Поиск элемента по локатору: ('xpath', \"//input[@placeholder='* Телефон: на него позвонит курьер']\")", "status": "passed", "parameters": [{"name": "locator", "value": "('xpath', \"//input[@placeholder='* Телефон: на него позвонит курьер']\")"}], "start": 1751804608434, "stop": 1751804608436}], "parameters": [{"name": "locator", "value": "('xpath', \"//input[@placeholder='* Телефон: на него позвонит курьер']\")"}], "start": 1751804608434, "stop": 1751804608653}, {"name": "Ввести значение в поле ввода", "status": "passed", "steps": [{"name": "Поиск элемента по локатору: ('xpath', \"//input[@placeholder='* Телефон: на него позвонит курьер']\")", "status": "passed", "parameters": [{"name": "locator", "value": "('xpath', \"//input[@placeholder='* Телефон: на него позвонит курьер']\")"}], "start": 1751804608654, "stop": 1751804608655}], "parameters": [{"name": "locator", "value": "('xpath', \"//input[@placeholder='* Телефон: на него позвонит курьер']\")"}, {"name": "keys", "value": "'+79990001111'"}], "start": 1751804608654, "stop": 1751804608669}, {"name": "Кликнуть на элемент", "status": "broken", "statusDetails": {"message": "selenium.common.exceptions.ElementClickInterceptedException: Message: Element <button class=\"Button_Button__ra12g Button_Middle__1CSJM\"> is not clickable at point (875,539) because another element <div class=\"App_CookieConsent__1yUIN\"> obscures it\nStacktrace:\nRemoteError@chrome://remote/content/shared/RemoteError.sys.mjs:8:8\nWebDriverError@chrome://remote/content/shared/webdriver/Errors.sys.mjs:199:5\nElementClickInterceptedError@chrome://remote/content/shared/webdriver/Errors.sys.mjs:351:5\nwebdriverClickElement@chrome://remote/content/marionette/interaction.sys.mjs:175:11\ninteraction.clickElement@chrome://remote/content/marionette/interaction.sys.mjs:134:11\nclickElement@chrome://remote/content/marionette/actors/MarionetteCommandsChild.sys.mjs:297:29\nreceiveMessage@chrome://remote/content/marionette/actors/MarionetteCommandsChild.sys.mjs:180:31\n\n", "trace": "  File \"C:\\Users\\Actio\\Sprint_6NeW\\.venv\\Lib\\site-packages\\allure_commons\\_allure.py\", line 202, in impl\n    return func(*a, **kw)\n  File \"C:\\Users\\Actio\\Sprint_6NeW\\pages\\base_page.py\", line 26, in click_on_element\n    self.find(locator).click()\n    ~~~~~~~~~~~~~~~~~~~~~~~~^^\n  File \"C:\\Users\\Actio\\Sprint_6NeW\\.venv\\Lib\\site-packages\\selenium\\webdriver\\remote\\webelement.py\", line 121, in click\n    self._execute(Command.CLICK_ELEMENT)\n    ~~~~~~~~~~~~~^^^^^^^^^^^^^^^^^^^^^^^\n  File \"C:\\Users\\Actio\\Sprint_6NeW\\.venv\\Lib\\site-packages\\selenium\\webdriver\\remote\\webelement.py\", line 574, in _execute\n    return self._parent.execute(command, params)\n           ~~~~~~~~~~~~~~~~~~~~^^^^^^^^^^^^^^^^^\n  File \"C:\\Users\\Actio\\Sprint_6NeW\\.venv\\Lib\\site-packages\\selenium\\webdriver\\remote\\webdriver.py\", line 447, in execute\n    self.error_handler.check_response(response)\n    ~~~~~~~~~~~~~~~~~~~~~~~~~~~~~~~~~^^^^^^^^^^\n  File \"C:\\Users\\Actio\\Sprint_6NeW\\.venv\\Lib\\site-packages\\selenium\\webdriver\\remote\\errorhandler.py\", line 232, in check_response\n    raise exception_class(message, screen, stacktrace)\n"}, "steps": [{"name": "Поиск элемента по локатору: ('xpath', \"//button[text()='Далее']\")", "status": "passed", "parameters": [{"name": "locator", "value": "('xpath', \"//button[text()='Далее']\")"}], "start": 1751804608669, "stop": 1751804608670}], "parameters": [{"name": "locator", "value": "('xpath', \"//button[text()='Далее']\")"}], "start": 1751804608669, "stop": 1751804608673}], "parameters": [{"name": "test_data", "value": "['Иван', 'Иванов', 'Никулинская улица, 27', 'Шипиловская', '+79990001111', '01.06.2025', 'Спасите']"}], "start": 1751804606647, "stop": 1751804608675}], "parameters": [{"name": "button", "value": "('xpath', \".//div[contains(@class,'Header')]//button[contains(text(),'Заказать')]\")"}, {"name": "test_data", "value": "['Иван', 'Иванов', 'Никулинская улица, 27', 'Шипиловская', '+79990001111', '01.06.2025', 'Спасите']"}], "start": 1751804606392, "stop": 1751804608677, "uuid": "5d49bcbe-ef8b-4b67-9b55-b5b1b9bf4ae1", "historyId": "96039eabe5ffa041eca49d2f92871df6", "testCaseId": "676123171490a73bfbb737692482e4d3", "fullName": "tests.test_order_page.TestOrderPageOrder#test_order_all_fields_success", "labels": [{"name": "parentSuite", "value": "tests"}, {"name": "suite", "value": "test_order_page"}, {"name": "subSuite", "value": "TestOrderPageOrder"}, {"name": "host", "value": "DESKTOP-3E7DQ66"}, {"name": "thread", "value": "9940-MainThread"}, {"name": "framework", "value": "pytest"}, {"name": "language", "value": "cpython3"}, {"name": "package", "value": "tests.test_order_page"}]}