{"name": "Проверка позитивного сценария оформления заказа", "status": "broken", "statusDetails": {"message": "selenium.common.exceptions.NoSuchElementException: Message: Unable to locate element: .//li[@class='select-search__row']; For documentation on this error, please visit: https://www.selenium.dev/documentation/webdriver/troubleshooting/errors#no-such-element-exception\nStacktrace:\nRemoteError@chrome://remote/content/shared/RemoteError.sys.mjs:8:8\nWebDriverError@chrome://remote/content/shared/webdriver/Errors.sys.mjs:199:5\nNoSuchElementError@chrome://remote/content/shared/webdriver/Errors.sys.mjs:552:5\ndom.find/</<@chrome://remote/content/shared/DOM.sys.mjs:136:16", "trace": "self = <tests.test_order_page.TestOrderPageOrder object at 0x0000022CD0C14410>\ndriver = <selenium.webdriver.firefox.webdriver.WebDriver (session=\"9c6e8eba-fbca-4469-951e-fe12527b04fe\")>\nbutton = ('xpath', \".//div[contains(@class,'Header')]//button[contains(text(),'Заказать')]\")\ntest_data = ['Иван', 'Иванов', 'Никулинская улица, 27', 'Озёрная', '+79990001111', '01.06.2025', ...]\n\n    @allure.title('Проверка позитивного сценария оформления заказа')\n    @allure.description('Тестирование функциональности оформления заказа из двух точек входа')\n    @pytest.mark.parametrize('button, test_data', [(MainPageLocators.order_button_in_header, TestData.test_data_user1),\n                                                   (MainPageLocators.order_button_in_main, TestData.test_data_user2)])\n    def test_order_all_fields_success(self, driver, button, test_data):\n        order_page = OrderPage(driver)\n        order_page.scroll_to_element(button)\n        order_page.wait_visibility_of_element(button)\n        order_page.click_on_element(button)\n>       order_page.data_entry_first_form(test_data)\n\ntests\\test_order_page.py:19: \n_ _ _ _ _ _ _ _ _ _ _ _ _ _ _ _ _ _ _ _ _ _ _ _ _ _ _ _ _ _ _ _ _ _ _ _ _ _ _ _ _ _ _ _ _ _ _ _ _ _ _ _ _ _ _ _ _ _ _ _ _ _ _ _ _ _ _ _ _ _ _ _ _ _ _ _ _\npages\\order_page.py:36: in data_entry_first_form\n    self.click_on_element(OrderPageLocators.select_item_in_dropdown_metro)\npages\\base_page.py:26: in click_on_element\n    self.find(locator).click()\npages\\base_page.py:13: in find\n    return self.driver.find_element(*locator)\n.venv\\Lib\\site-packages\\selenium\\webdriver\\remote\\webdriver.py:914: in find_element\n    return self.execute(Command.FIND_ELEMENT, {\"using\": by, \"value\": value})[\"value\"]\n.venv\\Lib\\site-packages\\selenium\\webdriver\\remote\\webdriver.py:447: in execute\n    self.error_handler.check_response(response)\n_ _ _ _ _ _ _ _ _ _ _ _ _ _ _ _ _ _ _ _ _ _ _ _ _ _ _ _ _ _ _ _ _ _ _ _ _ _ _ _ _ _ _ _ _ _ _ _ _ _ _ _ _ _ _ _ _ _ _ _ _ _ _ _ _ _ _ _ _ _ _ _ _ _ _ _ _\n\nself = <selenium.webdriver.remote.errorhandler.ErrorHandler object at 0x0000022CD0C2CAA0>\nresponse = {'status': 404, 'value': '{\"value\":{\"error\":\"no such element\",\"message\":\"Unable to locate element: .//li[@class=\\'sele.../content/shared/webdriver/Errors.sys.mjs:552:5\\\\ndom.find/</<@chrome://remote/content/shared/DOM.sys.mjs:136:16\\\\n\"}}'}\n\n    def check_response(self, response: Dict[str, Any]) -> None:\n        \"\"\"Checks that a JSON response from the WebDriver does not have an\n        error.\n    \n        :Args:\n         - response - The JSON response from the WebDriver server as a dictionary\n           object.\n    \n        :Raises: If the response contains an error message.\n        \"\"\"\n        status = response.get(\"status\", None)\n        if not status or status == ErrorCode.SUCCESS:\n            return\n        value = None\n        message = response.get(\"message\", \"\")\n        screen: str = response.get(\"screen\", \"\")\n        stacktrace = None\n        if isinstance(status, int):\n            value_json = response.get(\"value\", None)\n            if value_json and isinstance(value_json, str):\n                import json\n    \n                try:\n                    value = json.loads(value_json)\n                    if len(value) == 1:\n                        value = value[\"value\"]\n                    status = value.get(\"error\", None)\n                    if not status:\n                        status = value.get(\"status\", ErrorCode.UNKNOWN_ERROR)\n                        message = value.get(\"value\") or value.get(\"message\")\n                        if not isinstance(message, str):\n                            value = message\n                            message = message.get(\"message\")\n                    else:\n                        message = value.get(\"message\", None)\n                except ValueError:\n                    pass\n    \n        exception_class: Type[WebDriverException]\n        e = ErrorCode()\n        error_codes = [item for item in dir(e) if not item.startswith(\"__\")]\n        for error_code in error_codes:\n            error_info = getattr(ErrorCode, error_code)\n            if isinstance(error_info, list) and status in error_info:\n                exception_class = getattr(ExceptionMapping, error_code, WebDriverException)\n                break\n        else:\n            exception_class = WebDriverException\n    \n        if not value:\n            value = response[\"value\"]\n        if isinstance(value, str):\n            raise exception_class(value)\n        if message == \"\" and \"message\" in value:\n            message = value[\"message\"]\n    \n        screen = None  # type: ignore[assignment]\n        if \"screen\" in value:\n            screen = value[\"screen\"]\n    \n        stacktrace = None\n        st_value = value.get(\"stackTrace\") or value.get(\"stacktrace\")\n        if st_value:\n            if isinstance(st_value, str):\n                stacktrace = st_value.split(\"\\n\")\n            else:\n                stacktrace = []\n                try:\n                    for frame in st_value:\n                        line = frame.get(\"lineNumber\", \"\")\n                        file = frame.get(\"fileName\", \"<anonymous>\")\n                        if line:\n                            file = f\"{file}:{line}\"\n                        meth = frame.get(\"methodName\", \"<anonymous>\")\n                        if \"className\" in frame:\n                            meth = f\"{frame['className']}.{meth}\"\n                        msg = \"    at %s (%s)\"\n                        msg = msg % (meth, file)\n                        stacktrace.append(msg)\n                except TypeError:\n                    pass\n        if exception_class == UnexpectedAlertPresentException:\n            alert_text = None\n            if \"data\" in value:\n                alert_text = value[\"data\"].get(\"text\")\n            elif \"alert\" in value:\n                alert_text = value[\"alert\"].get(\"text\")\n            raise exception_class(message, screen, stacktrace, alert_text)  # type: ignore[call-arg]  # mypy is not smart enough here\n>       raise exception_class(message, screen, stacktrace)\nE       selenium.common.exceptions.NoSuchElementException: Message: Unable to locate element: .//li[@class='select-search__row']; For documentation on this error, please visit: https://www.selenium.dev/documentation/webdriver/troubleshooting/errors#no-such-element-exception\nE       Stacktrace:\nE       RemoteError@chrome://remote/content/shared/RemoteError.sys.mjs:8:8\nE       WebDriverError@chrome://remote/content/shared/webdriver/Errors.sys.mjs:199:5\nE       NoSuchElementError@chrome://remote/content/shared/webdriver/Errors.sys.mjs:552:5\nE       dom.find/</<@chrome://remote/content/shared/DOM.sys.mjs:136:16\n\n.venv\\Lib\\site-packages\\selenium\\webdriver\\remote\\errorhandler.py:232: NoSuchElementException"}, "description": "Тестирование функциональности оформления заказа из двух точек входа", "steps": [{"name": "Скролл до элемента", "status": "passed", "steps": [{"name": "Поиск элемента по локатору: ('xpath', \".//div[contains(@class,'Header')]//button[contains(text(),'Заказать')]\")", "status": "passed", "parameters": [{"name": "locator", "value": "('xpath', \".//div[contains(@class,'Header')]//button[contains(text(),'Заказать')]\")"}], "start": 1751802359278, "stop": 1751802359287}], "parameters": [{"name": "locator", "value": "('xpath', \".//div[contains(@class,'Header')]//button[contains(text(),'Заказать')]\")"}], "start": 1751802359278, "stop": 1751802359291}, {"name": "Подождать прогрузки элемента", "status": "passed", "parameters": [{"name": "locator", "value": "('xpath', \".//div[contains(@class,'Header')]//button[contains(text(),'Заказать')]\")"}], "start": 1751802359291, "stop": 1751802359299}, {"name": "Кликнуть на элемент", "status": "passed", "steps": [{"name": "Поиск элемента по локатору: ('xpath', \".//div[contains(@class,'Header')]//button[contains(text(),'Заказать')]\")", "status": "passed", "parameters": [{"name": "locator", "value": "('xpath', \".//div[contains(@class,'Header')]//button[contains(text(),'Заказать')]\")"}], "start": 1751802359299, "stop": 1751802359300}], "parameters": [{"name": "locator", "value": "('xpath', \".//div[contains(@class,'Header')]//button[contains(text(),'Заказать')]\")"}], "start": 1751802359299, "stop": 1751802359535}, {"name": "Заполнение первой части формы и нажатие кнопки \"Далее\"", "status": "broken", "statusDetails": {"message": "selenium.common.exceptions.NoSuchElementException: Message: Unable to locate element: .//li[@class='select-search__row']; For documentation on this error, please visit: https://www.selenium.dev/documentation/webdriver/troubleshooting/errors#no-such-element-exception\nStacktrace:\nRemoteError@chrome://remote/content/shared/RemoteError.sys.mjs:8:8\nWebDriverError@chrome://remote/content/shared/webdriver/Errors.sys.mjs:199:5\nNoSuchElementError@chrome://remote/content/shared/webdriver/Errors.sys.mjs:552:5\ndom.find/</<@chrome://remote/content/shared/DOM.sys.mjs:136:16\n\n", "trace": "  File \"C:\\Users\\Actio\\Sprint_6NeW\\.venv\\Lib\\site-packages\\allure_commons\\_allure.py\", line 202, in impl\n    return func(*a, **kw)\n  File \"C:\\Users\\Actio\\Sprint_6NeW\\pages\\order_page.py\", line 36, in data_entry_first_form\n    self.click_on_element(OrderPageLocators.select_item_in_dropdown_metro)\n    ~~~~~~~~~~~~~~~~~~~~~^^^^^^^^^^^^^^^^^^^^^^^^^^^^^^^^^^^^^^^^^^^^^^^^^\n  File \"C:\\Users\\Actio\\Sprint_6NeW\\.venv\\Lib\\site-packages\\allure_commons\\_allure.py\", line 202, in impl\n    return func(*a, **kw)\n  File \"C:\\Users\\Actio\\Sprint_6NeW\\pages\\base_page.py\", line 26, in click_on_element\n    self.find(locator).click()\n    ~~~~~~~~~^^^^^^^^^\n  File \"C:\\Users\\Actio\\Sprint_6NeW\\.venv\\Lib\\site-packages\\allure_commons\\_allure.py\", line 202, in impl\n    return func(*a, **kw)\n  File \"C:\\Users\\Actio\\Sprint_6NeW\\pages\\base_page.py\", line 13, in find\n    return self.driver.find_element(*locator)\n           ~~~~~~~~~~~~~~~~~~~~~~~~^^^^^^^^^^\n  File \"C:\\Users\\Actio\\Sprint_6NeW\\.venv\\Lib\\site-packages\\selenium\\webdriver\\remote\\webdriver.py\", line 914, in find_element\n    return self.execute(Command.FIND_ELEMENT, {\"using\": by, \"value\": value})[\"value\"]\n           ~~~~~~~~~~~~^^^^^^^^^^^^^^^^^^^^^^^^^^^^^^^^^^^^^^^^^^^^^^^^^^^^^\n  File \"C:\\Users\\Actio\\Sprint_6NeW\\.venv\\Lib\\site-packages\\selenium\\webdriver\\remote\\webdriver.py\", line 447, in execute\n    self.error_handler.check_response(response)\n    ~~~~~~~~~~~~~~~~~~~~~~~~~~~~~~~~~^^^^^^^^^^\n  File \"C:\\Users\\Actio\\Sprint_6NeW\\.venv\\Lib\\site-packages\\selenium\\webdriver\\remote\\errorhandler.py\", line 232, in check_response\n    raise exception_class(message, screen, stacktrace)\n"}, "steps": [{"name": "Подождать прогрузки элемента", "status": "passed", "parameters": [{"name": "locator", "value": "('xpath', \"//input[@placeholder='* Имя']\")"}], "start": 1751802359536, "stop": 1751802359542}, {"name": "Кликнуть на элемент", "status": "passed", "steps": [{"name": "Поиск элемента по локатору: ('xpath', \"//input[@placeholder='* Имя']\")", "status": "passed", "parameters": [{"name": "locator", "value": "('xpath', \"//input[@placeholder='* Имя']\")"}], "start": 1751802359543, "stop": 1751802359545}], "parameters": [{"name": "locator", "value": "('xpath', \"//input[@placeholder='* Имя']\")"}], "start": 1751802359543, "stop": 1751802359798}, {"name": "Ввести значение в поле ввода", "status": "passed", "steps": [{"name": "Поиск элемента по локатору: ('xpath', \"//input[@placeholder='* Имя']\")", "status": "passed", "parameters": [{"name": "locator", "value": "('xpath', \"//input[@placeholder='* Имя']\")"}], "start": 1751802359798, "stop": 1751802359800}], "parameters": [{"name": "locator", "value": "('xpath', \"//input[@placeholder='* Имя']\")"}, {"name": "keys", "value": "'Иван'"}], "start": 1751802359798, "stop": 1751802359811}, {"name": "Кликнуть на элемент", "status": "passed", "steps": [{"name": "Поиск элемента по локатору: ('xpath', \"//input[@placeholder='* Фамилия']\")", "status": "passed", "parameters": [{"name": "locator", "value": "('xpath', \"//input[@placeholder='* Фамилия']\")"}], "start": 1751802359811, "stop": 1751802359814}], "parameters": [{"name": "locator", "value": "('xpath', \"//input[@placeholder='* Фамилия']\")"}], "start": 1751802359811, "stop": 1751802360031}, {"name": "Ввести значение в поле ввода", "status": "passed", "steps": [{"name": "Поиск элемента по локатору: ('xpath', \"//input[@placeholder='* Фамилия']\")", "status": "passed", "parameters": [{"name": "locator", "value": "('xpath', \"//input[@placeholder='* Фамилия']\")"}], "start": 1751802360031, "stop": 1751802360033}], "parameters": [{"name": "locator", "value": "('xpath', \"//input[@placeholder='* Фамилия']\")"}, {"name": "keys", "value": "'Иванов'"}], "start": 1751802360031, "stop": 1751802360045}, {"name": "Кликнуть на элемент", "status": "passed", "steps": [{"name": "Поиск элемента по локатору: ('xpath', \"//input[@placeholder='* Адрес: куда привезти заказ']\")", "status": "passed", "parameters": [{"name": "locator", "value": "('xpath', \"//input[@placeholder='* Адрес: куда привезти заказ']\")"}], "start": 1751802360045, "stop": 1751802360047}], "parameters": [{"name": "locator", "value": "('xpath', \"//input[@placeholder='* Адрес: куда привезти заказ']\")"}], "start": 1751802360045, "stop": 1751802360278}, {"name": "Ввести значение в поле ввода", "status": "passed", "steps": [{"name": "Поиск элемента по локатору: ('xpath', \"//input[@placeholder='* Адрес: куда привезти заказ']\")", "status": "passed", "parameters": [{"name": "locator", "value": "('xpath', \"//input[@placeholder='* Адрес: куда привезти заказ']\")"}], "start": 1751802360278, "stop": 1751802360280}], "parameters": [{"name": "locator", "value": "('xpath', \"//input[@placeholder='* Адрес: куда привезти заказ']\")"}, {"name": "keys", "value": "'Никулинская улица, 27'"}], "start": 1751802360278, "stop": 1751802360301}, {"name": "Кликнуть на элемент", "status": "passed", "steps": [{"name": "Поиск элемента по локатору: ('xpath', \"//input[@placeholder='* Станция метро']\")", "status": "passed", "parameters": [{"name": "locator", "value": "('xpath', \"//input[@placeholder='* Станция метро']\")"}], "start": 1751802360301, "stop": 1751802360304}], "parameters": [{"name": "locator", "value": "('xpath', \"//input[@placeholder='* Станция метро']\")"}], "start": 1751802360301, "stop": 1751802360544}, {"name": "Ввести значение в поле ввода", "status": "passed", "steps": [{"name": "Поиск элемента по локатору: ('xpath', \"//input[@placeholder='* Станция метро']\")", "status": "passed", "parameters": [{"name": "locator", "value": "('xpath', \"//input[@placeholder='* Станция метро']\")"}], "start": 1751802360544, "stop": 1751802360547}], "parameters": [{"name": "locator", "value": "('xpath', \"//input[@placeholder='* Станция метро']\")"}, {"name": "keys", "value": "'Озёрная'"}], "start": 1751802360544, "stop": 1751802360579}, {"name": "Кликнуть на элемент", "status": "broken", "statusDetails": {"message": "selenium.common.exceptions.NoSuchElementException: Message: Unable to locate element: .//li[@class='select-search__row']; For documentation on this error, please visit: https://www.selenium.dev/documentation/webdriver/troubleshooting/errors#no-such-element-exception\nStacktrace:\nRemoteError@chrome://remote/content/shared/RemoteError.sys.mjs:8:8\nWebDriverError@chrome://remote/content/shared/webdriver/Errors.sys.mjs:199:5\nNoSuchElementError@chrome://remote/content/shared/webdriver/Errors.sys.mjs:552:5\ndom.find/</<@chrome://remote/content/shared/DOM.sys.mjs:136:16\n\n", "trace": "  File \"C:\\Users\\Actio\\Sprint_6NeW\\.venv\\Lib\\site-packages\\allure_commons\\_allure.py\", line 202, in impl\n    return func(*a, **kw)\n  File \"C:\\Users\\Actio\\Sprint_6NeW\\pages\\base_page.py\", line 26, in click_on_element\n    self.find(locator).click()\n    ~~~~~~~~~^^^^^^^^^\n  File \"C:\\Users\\Actio\\Sprint_6NeW\\.venv\\Lib\\site-packages\\allure_commons\\_allure.py\", line 202, in impl\n    return func(*a, **kw)\n  File \"C:\\Users\\Actio\\Sprint_6NeW\\pages\\base_page.py\", line 13, in find\n    return self.driver.find_element(*locator)\n           ~~~~~~~~~~~~~~~~~~~~~~~~^^^^^^^^^^\n  File \"C:\\Users\\Actio\\Sprint_6NeW\\.venv\\Lib\\site-packages\\selenium\\webdriver\\remote\\webdriver.py\", line 914, in find_element\n    return self.execute(Command.FIND_ELEMENT, {\"using\": by, \"value\": value})[\"value\"]\n           ~~~~~~~~~~~~^^^^^^^^^^^^^^^^^^^^^^^^^^^^^^^^^^^^^^^^^^^^^^^^^^^^^\n  File \"C:\\Users\\Actio\\Sprint_6NeW\\.venv\\Lib\\site-packages\\selenium\\webdriver\\remote\\webdriver.py\", line 447, in execute\n    self.error_handler.check_response(response)\n    ~~~~~~~~~~~~~~~~~~~~~~~~~~~~~~~~~^^^^^^^^^^\n  File \"C:\\Users\\Actio\\Sprint_6NeW\\.venv\\Lib\\site-packages\\selenium\\webdriver\\remote\\errorhandler.py\", line 232, in check_response\n    raise exception_class(message, screen, stacktrace)\n"}, "steps": [{"name": "Поиск элемента по локатору: ('xpath', \".//li[@class='select-search__row']\")", "status": "broken", "statusDetails": {"message": "selenium.common.exceptions.NoSuchElementException: Message: Unable to locate element: .//li[@class='select-search__row']; For documentation on this error, please visit: https://www.selenium.dev/documentation/webdriver/troubleshooting/errors#no-such-element-exception\nStacktrace:\nRemoteError@chrome://remote/content/shared/RemoteError.sys.mjs:8:8\nWebDriverError@chrome://remote/content/shared/webdriver/Errors.sys.mjs:199:5\nNoSuchElementError@chrome://remote/content/shared/webdriver/Errors.sys.mjs:552:5\ndom.find/</<@chrome://remote/content/shared/DOM.sys.mjs:136:16\n\n", "trace": "  File \"C:\\Users\\Actio\\Sprint_6NeW\\.venv\\Lib\\site-packages\\allure_commons\\_allure.py\", line 202, in impl\n    return func(*a, **kw)\n  File \"C:\\Users\\Actio\\Sprint_6NeW\\pages\\base_page.py\", line 13, in find\n    return self.driver.find_element(*locator)\n           ~~~~~~~~~~~~~~~~~~~~~~~~^^^^^^^^^^\n  File \"C:\\Users\\Actio\\Sprint_6NeW\\.venv\\Lib\\site-packages\\selenium\\webdriver\\remote\\webdriver.py\", line 914, in find_element\n    return self.execute(Command.FIND_ELEMENT, {\"using\": by, \"value\": value})[\"value\"]\n           ~~~~~~~~~~~~^^^^^^^^^^^^^^^^^^^^^^^^^^^^^^^^^^^^^^^^^^^^^^^^^^^^^\n  File \"C:\\Users\\Actio\\Sprint_6NeW\\.venv\\Lib\\site-packages\\selenium\\webdriver\\remote\\webdriver.py\", line 447, in execute\n    self.error_handler.check_response(response)\n    ~~~~~~~~~~~~~~~~~~~~~~~~~~~~~~~~~^^^^^^^^^^\n  File \"C:\\Users\\Actio\\Sprint_6NeW\\.venv\\Lib\\site-packages\\selenium\\webdriver\\remote\\errorhandler.py\", line 232, in check_response\n    raise exception_class(message, screen, stacktrace)\n"}, "parameters": [{"name": "locator", "value": "('xpath', \".//li[@class='select-search__row']\")"}], "start": 1751802360579, "stop": 1751802360581}], "parameters": [{"name": "locator", "value": "('xpath', \".//li[@class='select-search__row']\")"}], "start": 1751802360579, "stop": 1751802360584}], "parameters": [{"name": "test_data", "value": "['Иван', 'Иванов', 'Никулинская улица, 27', 'Озёрная', '+79990001111', '01.06.2025', 'Спасите']"}], "start": 1751802359536, "stop": 1751802360585}], "parameters": [{"name": "button", "value": "('xpath', \".//div[contains(@class,'Header')]//button[contains(text(),'Заказать')]\")"}, {"name": "test_data", "value": "['Иван', 'Иванов', 'Никулинская улица, 27', 'Озёрная', '+79990001111', '01.06.2025', 'Спасите']"}], "start": 1751802359278, "stop": 1751802360586, "uuid": "ad0f1a0e-bf81-4d0d-8084-7590be447e28", "historyId": "a7ba87824e48fdba38f964a2aa0fce91", "testCaseId": "676123171490a73bfbb737692482e4d3", "fullName": "tests.test_order_page.TestOrderPageOrder#test_order_all_fields_success", "labels": [{"name": "parentSuite", "value": "tests"}, {"name": "suite", "value": "test_order_page"}, {"name": "subSuite", "value": "TestOrderPageOrder"}, {"name": "host", "value": "DESKTOP-3E7DQ66"}, {"name": "thread", "value": "10988-MainThread"}, {"name": "framework", "value": "pytest"}, {"name": "language", "value": "cpython3"}, {"name": "package", "value": "tests.test_order_page"}]}